#
# A fatal error has been detected by the Java Runtime Environment:
#
#  EXCEPTION_ACCESS_VIOLATION (0xc0000005) at pc=0x00007ffa220e6334, pid=3776, tid=1236
#
# JRE version: OpenJDK Runtime Environment Zulu17.44+53-CA (17.0.8.1+1) (build 17.0.8.1+1-LTS)
# Java VM: OpenJDK 64-Bit Server VM Zulu17.44+53-CA (17.0.8.1+1-LTS, mixed mode, emulated-client, sharing, tiered, compressed oops, compressed class ptrs, g1 gc, windows-amd64)
# Problematic frame:
# V  [jvm.dll+0x1f6334]
#
# No core dump will be written. Minidumps are not enabled by default on client versions of Windows
#
# If you would like to submit a bug report, please visit:
#   http://www.azul.com/support/
#

---------------  S U M M A R Y ------------

Command Line: -XX:TieredStopAtLevel=1 -Dspring.output.ansi.enabled=always -Dcom.sun.management.jmxremote -Dspring.jmx.enabled=true -Dspring.liveBeansView.mbeanDomain -Dspring.application.admin.enabled=true -Dmanagement.endpoints.jmx.exposure.include=* -javaagent:C:\Program Files\JetBrains\IntelliJ IDEA 2023.2.2\lib\idea_rt.jar=51969:C:\Program Files\JetBrains\IntelliJ IDEA 2023.2.2\bin -Dfile.encoding=UTF-8 com.green.greengram.GreengramApplication

Host: Intel(R) Core(TM) i7-8700 CPU @ 3.20GHz, 12 cores, 15G,  Windows 10 , 64 bit Build 19041 (10.0.19041.2788)
Time: Tue Nov 14 16:21:02 2023  Windows 10 , 64 bit Build 19041 (10.0.19041.2788) elapsed time: 8.366106 seconds (0d 0h 0m 8s)

---------------  T H R E A D  ---------------

Current thread (0x000001427ee2b3d0):  JavaThread "C1 CompilerThread1" daemon [_thread_in_vm, id=1236, stack(0x0000003590f00000,0x0000003591000000)]


Current CompileTask:
C1:   8366 4333   !   1       org.apache.tomcat.util.buf.StringCache::toString (601 bytes)

Stack: [0x0000003590f00000,0x0000003591000000],  sp=0x0000003590ffe1b0,  free space=1016k
Native frames: (J=compiled Java code, j=interpreted, Vv=VM code, C=native code)
V  [jvm.dll+0x1f6334]
V  [jvm.dll+0x54332c]
V  [jvm.dll+0x378c03]
V  [jvm.dll+0x25f56f]
V  [jvm.dll+0x25ee21]
V  [jvm.dll+0x1ce4e1]
V  [jvm.dll+0x13f6ab]
V  [jvm.dll+0x141ee5]
V  [jvm.dll+0x1401c4]
V  [jvm.dll+0x148bfd]
V  [jvm.dll+0x148125]
V  [jvm.dll+0x13f92e]
V  [jvm.dll+0x141ee5]
V  [jvm.dll+0x1400cc]
V  [jvm.dll+0x148bfd]
V  [jvm.dll+0x148125]
V  [jvm.dll+0x13f92e]
V  [jvm.dll+0x141ee5]
V  [jvm.dll+0x1401c4]
V  [jvm.dll+0x13a13f]
V  [jvm.dll+0x149d86]
V  [jvm.dll+0x135830]
V  [jvm.dll+0x135b90]
V  [jvm.dll+0x135e56]
V  [jvm.dll+0x1352ea]
V  [jvm.dll+0x136fb1]
V  [jvm.dll+0x229259]
V  [jvm.dll+0x22729c]
V  [jvm.dll+0x7f195c]
V  [jvm.dll+0x7ebd7a]
V  [jvm.dll+0x67cf15]
C  [ucrtbase.dll+0x21bb2]
C  [KERNEL32.DLL+0x17604]
C  [ntdll.dll+0x526a1]


siginfo: EXCEPTION_ACCESS_VIOLATION (0xc0000005), reading address 0x000001c2791314c4


Register to memory mapping:

RIP=0x00007ffa220e6334 jvm.dll
RAX=0x000001427ed085f0 points into unknown readable memory: 0x0000014279936540 | 40 65 93 79 42 01 00 00
RBX=0x00000142395348d0 is pointing into metadata
RCX=0x000001c2791314a0 is an unknown value
RDX=0x0 is NULL
RSP=0x0000003590ffe1b0 is pointing into the stack for thread: 0x000001427ee2b3d0
RBP=0x0000000000000020 is an unknown value
RSI=0x0000000000000050 is an unknown value
RDI=0x0000014239534b08 is a pointer to class: 
org.springframework.web.servlet.support.RequestContextUtils {0x0000014239534b10}
 - instance size:     2
 - klass size:        65
 - access:            public synchronized abstract 
 - state:             fully_initialized
 - name:              'org/springframework/web/servlet/support/RequestContextUtils'
 - super:             'java/lang/Object'
 - sub:               
 - arrays:            NULL
 - methods:           Array<T>(0x000001427c05e070)
 - method ordering:   Array<T>(0x0000014238927700)
 - default_methods:   Array<T>(0x0000000000000000)
 - local interfaces:  Array<T>(0x0000014238601d18)
 - trans. interfaces: Array<T>(0x0000014238601d18)
 - constants:         constant pool [225] {0x000001427c05d868} for 'org/springframework/web/servlet/support/RequestContextUtils' cache=0x000001427c05ed10
 - class loader data:  loader data: 0x00000142791314a0 for instance a 'jdk/internal/loader/ClassLoaders$AppClassLoader'{0x000000070156c4d8}
 - source file:       'RequestContextUtils.java'
 - class annotations:       Array<T>(0x0000000000000000)
 - class type annotations:  Array<T>(0x0000000000000000)
 - field annotations:       Array<T>(0x0000000000000000)
 - field type annotations:  Array<T>(0x0000000000000000)
 - inner classes:     Array<T>(0x0000014238601ca8)
 - nest members:     Array<T>(0x0000014238601ca8)
 - permitted subclasses:     Array<T>(0x0000014238601ca8)
 - java mirror:       a 'java/lang/Class'{0x000000070470c410} = 'org/springframework/web/servlet/support/RequestContextUtils'
 - vtable length      5  (start addr: 0x0000014239534cd8)
 - itable length      2 (start addr: 0x0000014239534d00)
 - ---- static fields (1 words):
 - public static final 'REQUEST_DATA_VALUE_PROCESSOR_BEAN_NAME' 'Ljava/lang/String;' @112 
 - ---- non-static fields (0 words):
 - non-static oop maps: 
R8 ={method} {0x00000142380014a0} 'hashCode' '()I' in 'java/lang/Object'
R9 =0x0000014238000d68 is a pointer to class: 
java.lang.Object {0x0000014238000d70}
 - instance size:     2
 - klass size:        65
 - access:            public synchronized 
 - state:             fully_initialized
 - name:              'java/lang/Object'
 - super:             NULL
 - sub:               'java/util/concurrent/locks/ReentrantReadWriteLock$Sync$HoldCounter'   'org/apache/coyote/http11/Constants'   'org/apache/tomcat/util/buf/HexUtils'   'org/apache/coyote/Constants'   
[error occurred during error reporting (printing register info), id 0xc0000005, EXCEPTION_ACCESS_VIOLATION (0xc0000005) at pc=0x00007ffa220e6334]

Registers:
RAX=0x000001427ed085f0, RBX=0x00000142395348d0, RCX=0x000001c2791314a0, RDX=0x0000000000000000
RSP=0x0000003590ffe1b0, RBP=0x0000000000000020, RSI=0x0000000000000050, RDI=0x0000014239534b08
R8 =0x0000014238001498, R9 =0x0000014238000d68, R10=0x000001427ecfb0b0, R11=0x0000003590ffe340
R12=0x0000000000000000, R13=0x000001427ed08600, R14=0x0000014238000e0c, R15=0x0000014237796fc0
RIP=0x00007ffa220e6334, EFLAGS=0x0000000000010202

Top of Stack: (sp=0x0000003590ffe1b0)
0x0000003590ffe1b0:   0000014238001498 000001427ee2b3d0
0x0000003590ffe1c0:   0000003590ffe1d0 00000142796b98c0
0x0000003590ffe1d0:   0000014238601980 00007ffa2243332c
0x0000003590ffe1e0:   0000014238001498 0000014238001498
0x0000003590ffe1f0:   000001427ee2b3d0 0000014238001498
0x0000003590ffe200:   0000014237796fc0 0000014238000e0c
0x0000003590ffe210:   00000142790c6610 0000014237796fc0
0x0000003590ffe220:   0000014239534b08 00007ffa22268c03
0x0000003590ffe230:   0000003590ffe280 0000014238000d68
0x0000003590ffe240:   0000000000000000 0000003590ffe300
0x0000003590ffe250:   0000003590ffe2d0 00007ffa2214f56f
0x0000003590ffe260:   000001427ee2b3d0 00000000000000b6
0x0000003590ffe270:   0000014238001498 000001427ee2b3d0
0x0000003590ffe280:   0000014238000d68 0000014239534b08
0x0000003590ffe290:   000001427ee2b301 000000000000001e
0x0000003590ffe2a0:   0000014238001498 00007ffa2214ee21 

Instructions: (pc=0x00007ffa220e6334)
0x00007ffa220e6234:   b0 00 00 00 01 00 00 00 48 8d 15 5d 8b 74 00 48
0x00007ffa220e6244:   89 84 24 b8 00 00 00 48 8d 4c 24 20 e8 0b a0 48
0x00007ffa220e6254:   00 48 8b 0d 24 9c 98 00 48 8d 54 24 20 e8 fa 0c
0x00007ffa220e6264:   00 00 48 8d 4c 24 20 e8 a0 90 48 00 48 8d 4c 24
0x00007ffa220e6274:   20 e8 46 b5 37 00 48 83 3f 00 74 13 49 8b d6 48
0x00007ffa220e6284:   8b cb e8 b5 68 eb ff 48 8b cf e8 8d 68 eb ff 4c
0x00007ffa220e6294:   8b b4 24 d0 00 00 00 48 89 7b 10 48 8b bc 24 f8
0x00007ffa220e62a4:   00 00 00 48 89 73 18 48 8b b4 24 f0 00 00 00 48
0x00007ffa220e62b4:   89 6b 20 48 8b ac 24 e8 00 00 00 48 8b 9c 24 e0
0x00007ffa220e62c4:   00 00 00 48 8b 8c 24 c0 00 00 00 48 33 cc e8 99
0x00007ffa220e62d4:   09 6a 00 48 81 c4 d8 00 00 00 c3 cc 48 85 d2 74
0x00007ffa220e62e4:   3b 48 89 5c 24 08 57 48 83 ec 20 48 83 3a 00 48
0x00007ffa220e62f4:   8b da 48 8b f9 74 1b e8 00 82 61 00 48 8b d0 48
0x00007ffa220e6304:   8d 4c 24 38 4c 8b c3 e8 80 89 65 00 48 8b 08 48
0x00007ffa220e6314:   89 0f 48 8b 5c 24 30 48 83 c4 20 5f c3 cc cc cc
0x00007ffa220e6324:   cc cc cc cc cc cc cc cc cc cc cc cc 48 83 ec 28
0x00007ffa220e6334:   83 79 24 00 7f 13 48 8b 09 ff 15 25 7c 92 00 48
0x00007ffa220e6344:   85 c0 75 05 48 83 c4 28 c3 b0 01 48 83 c4 28 c3
0x00007ffa220e6354:   cc cc cc cc cc cc cc cc cc cc cc cc 48 89 5c 24
0x00007ffa220e6364:   08 57 48 83 ec 20 48 3b 0d 0f 9b 98 00 48 8b d9
0x00007ffa220e6374:   74 5e 48 8b 49 08 48 85 c9 74 55 ff 15 9b fc 91
0x00007ffa220e6384:   00 48 85 c0 74 4a 48 8b 4b 08 33 ff 48 85 c9 75
0x00007ffa220e6394:   04 8b c7 eb 06 ff 15 81 fc 91 00 48 8b c8 e8 59
0x00007ffa220e63a4:   f2 5b 00 84 c0 75 29 48 8b 4b 08 48 85 c9 74 09
0x00007ffa220e63b4:   ff 15 66 fc 91 00 48 8b f8 48 8b cf e8 8b f0 5b
0x00007ffa220e63c4:   00 84 c0 75 0b 48 8b 5c 24 30 48 83 c4 20 5f c3
0x00007ffa220e63d4:   48 8b 5c 24 30 b0 01 48 83 c4 20 5f c3 cc cc cc
0x00007ffa220e63e4:   cc cc cc cc cc cc cc cc cc cc cc cc 48 89 5c 24
0x00007ffa220e63f4:   08 57 48 83 ec 20 48 3b 0d 7f 9a 98 00 48 8b d9
0x00007ffa220e6404:   74 53 48 8b 49 08 48 85 c9 74 4a ff 15 0b fc 91
0x00007ffa220e6414:   00 48 85 c0 74 3f 48 8b 4b 08 33 ff 48 85 c9 75
0x00007ffa220e6424:   04 8b c7 eb 06 ff 15 f1 fb 91 00 48 8b c8 e8 c9 


Stack slot to memory mapping:
stack at sp + 0 slots: {method} {0x00000142380014a0} 'hashCode' '()I' in 'java/lang/Object'
stack at sp + 1 slots: 0x000001427ee2b3d0 is a thread
stack at sp + 2 slots: 0x0000003590ffe1d0 is pointing into the stack for thread: 0x000001427ee2b3d0
stack at sp + 3 slots: 0x00000142796b98c0 points into unknown readable memory: 0x6e616c2e6176616a | 6a 61 76 61 2e 6c 61 6e
stack at sp + 4 slots: 0x0000014238601980 is pointing into metadata
stack at sp + 5 slots: 0x00007ffa2243332c jvm.dll
stack at sp + 6 slots: {method} {0x00000142380014a0} 'hashCode' '()I' in 'java/lang/Object'
stack at sp + 7 slots: {method} {0x00000142380014a0} 'hashCode' '()I' in 'java/lang/Object'


---------------  P R O C E S S  ---------------

Threads class SMR info:
_java_thread_list=0x0000014279805a10, length=33, elements={
0x0000014237754d30, 0x0000014237756bd0, 0x000001423776f2e0, 0x0000014237770ec0,
0x00000142377739a0, 0x0000014237774370, 0x0000014237774df0, 0x0000014237776540,
0x0000014279080760, 0x00000142794d9750, 0x00000142794dbbb0, 0x00000142797a3010,
0x000001427e6b0d10, 0x000001427e743830, 0x000001427e858600, 0x000001427e8567a0,
0x000001427e855870, 0x000001427e855d80, 0x000001427e859020, 0x000001427e858b10,
0x000001427e8580f0, 0x000001427e856290, 0x000001427e856cb0, 0x000001427e8571c0,
0x000001427e8576d0, 0x000001427e857be0, 0x000001427edf9560, 0x000001427edfdc40,
0x000001427edfe150, 0x000001427edf9050, 0x000001427edfb3c0, 0x000001427edf9a70,
0x000001427ee2b3d0
}

Java Threads: ( => current thread )
  0x0000014237754d30 JavaThread "Reference Handler" daemon [_thread_blocked, id=6260, stack(0x0000003590600000,0x0000003590700000)]
  0x0000014237756bd0 JavaThread "Finalizer" daemon [_thread_blocked, id=3252, stack(0x0000003590700000,0x0000003590800000)]
  0x000001423776f2e0 JavaThread "Signal Dispatcher" daemon [_thread_blocked, id=8996, stack(0x0000003590800000,0x0000003590900000)]
  0x0000014237770ec0 JavaThread "Attach Listener" daemon [_thread_blocked, id=6212, stack(0x0000003590900000,0x0000003590a00000)]
  0x00000142377739a0 JavaThread "Service Thread" daemon [_thread_blocked, id=1504, stack(0x0000003590a00000,0x0000003590b00000)]
  0x0000014237774370 JavaThread "Monitor Deflation Thread" daemon [_thread_blocked, id=1336, stack(0x0000003590b00000,0x0000003590c00000)]
  0x0000014237774df0 JavaThread "C1 CompilerThread0" daemon [_thread_blocked, id=1976, stack(0x0000003590c00000,0x0000003590d00000)]
  0x0000014237776540 JavaThread "Sweeper thread" daemon [_thread_blocked, id=5972, stack(0x0000003590d00000,0x0000003590e00000)]
  0x0000014279080760 JavaThread "Common-Cleaner" daemon [_thread_blocked, id=448, stack(0x0000003590e00000,0x0000003590f00000)]
  0x00000142794d9750 JavaThread "Monitor Ctrl-Break" daemon [_thread_in_native, id=2844, stack(0x0000003591100000,0x0000003591200000)]
  0x00000142794dbbb0 JavaThread "Notification Thread" daemon [_thread_blocked, id=5024, stack(0x0000003591200000,0x0000003591300000)]
  0x00000142797a3010 JavaThread "RMI TCP Accept-0" daemon [_thread_in_native, id=1176, stack(0x0000003591300000,0x0000003591400000)]
  0x000001427e6b0d10 JavaThread "RMI TCP Connection(1)-192.168.0.156" daemon [_thread_in_native, id=7228, stack(0x0000003592300000,0x0000003592400000)]
  0x000001427e743830 JavaThread "RMI Scheduler(0)" daemon [_thread_blocked, id=1028, stack(0x0000003592400000,0x0000003592500000)]
  0x000001427e858600 JavaThread "Catalina-utility-1" [_thread_blocked, id=1580, stack(0x0000003592500000,0x0000003592600000)]
  0x000001427e8567a0 JavaThread "Catalina-utility-2" [_thread_blocked, id=1100, stack(0x0000003592600000,0x0000003592700000)]
  0x000001427e855870 JavaThread "container-0" [_thread_blocked, id=8624, stack(0x0000003592700000,0x0000003592800000)]
  0x000001427e855d80 JavaThread "File Watcher" daemon [_thread_blocked, id=1292, stack(0x0000003592800000,0x0000003592900000)]
  0x000001427e859020 JavaThread "Live Reload Server" daemon [_thread_in_native, id=7876, stack(0x0000003592a00000,0x0000003592b00000)]
  0x000001427e858b10 JavaThread "http-nio-8080-exec-1" daemon [_thread_blocked, id=3112, stack(0x0000003592900000,0x0000003592a00000)]
  0x000001427e8580f0 JavaThread "http-nio-8080-exec-2" daemon [_thread_blocked, id=3988, stack(0x0000003592b00000,0x0000003592c00000)]
  0x000001427e856290 JavaThread "http-nio-8080-exec-3" daemon [_thread_blocked, id=2916, stack(0x0000003592c00000,0x0000003592d00000)]
  0x000001427e856cb0 JavaThread "http-nio-8080-exec-4" daemon [_thread_blocked, id=1516, stack(0x0000003592d00000,0x0000003592e00000)]
  0x000001427e8571c0 JavaThread "http-nio-8080-exec-5" daemon [_thread_blocked, id=7256, stack(0x0000003592e00000,0x0000003592f00000)]
  0x000001427e8576d0 JavaThread "http-nio-8080-exec-6" daemon [_thread_blocked, id=7568, stack(0x0000003592f00000,0x0000003593000000)]
  0x000001427e857be0 JavaThread "http-nio-8080-exec-7" daemon [_thread_blocked, id=5224, stack(0x0000003593000000,0x0000003593100000)]
  0x000001427edf9560 JavaThread "http-nio-8080-exec-8" daemon [_thread_blocked, id=5044, stack(0x0000003593100000,0x0000003593200000)]
  0x000001427edfdc40 JavaThread "http-nio-8080-exec-9" daemon [_thread_blocked, id=6616, stack(0x0000003593200000,0x0000003593300000)]
  0x000001427edfe150 JavaThread "http-nio-8080-exec-10" daemon [_thread_blocked, id=4600, stack(0x0000003593300000,0x0000003593400000)]
  0x000001427edf9050 JavaThread "http-nio-8080-Poller" daemon [_thread_in_native, id=3036, stack(0x0000003593400000,0x0000003593500000)]
  0x000001427edfb3c0 JavaThread "http-nio-8080-Acceptor" daemon [_thread_in_native, id=912, stack(0x0000003593500000,0x0000003593600000)]
  0x000001427edf9a70 JavaThread "DestroyJavaVM" [_thread_blocked, id=9204, stack(0x000000358ff00000,0x0000003590000000)]
=>0x000001427ee2b3d0 JavaThread "C1 CompilerThread1" daemon [_thread_in_vm, id=1236, stack(0x0000003590f00000,0x0000003591000000)]

Other Threads:
  0x000001423774e100 VMThread "VM Thread" [stack: 0x0000003590500000,0x0000003590600000] [id=7184]
  0x0000014220ac5410 WatcherThread [stack: 0x0000003591400000,0x0000003591500000] [id=7120]
  0x0000014220b2e620 GCTaskThread "GC Thread#0" [stack: 0x0000003590000000,0x0000003590100000] [id=6004]
  0x0000014279920020 GCTaskThread "GC Thread#1" [stack: 0x0000003591600000,0x0000003591700000] [id=4264]
  0x00000142799202f0 GCTaskThread "GC Thread#2" [stack: 0x0000003591700000,0x0000003591800000] [id=7264]
  0x00000142799205c0 GCTaskThread "GC Thread#3" [stack: 0x0000003591800000,0x0000003591900000] [id=9004]
  0x0000014279920890 GCTaskThread "GC Thread#4" [stack: 0x0000003591900000,0x0000003591a00000] [id=6956]
  0x0000014279920b60 GCTaskThread "GC Thread#5" [stack: 0x0000003591a00000,0x0000003591b00000] [id=1696]
  0x000001427996fd30 GCTaskThread "GC Thread#6" [stack: 0x0000003591b00000,0x0000003591c00000] [id=5616]
  0x00000142799710e0 GCTaskThread "GC Thread#7" [stack: 0x0000003591e00000,0x0000003591f00000] [id=3588]
  0x000001427996f4c0 GCTaskThread "GC Thread#8" [stack: 0x0000003591f00000,0x0000003592000000] [id=492]
  0x00000142799702d0 GCTaskThread "GC Thread#9" [stack: 0x0000003592000000,0x0000003592100000] [id=1408]
  0x0000014220b41460 ConcurrentGCThread "G1 Main Marker" [stack: 0x0000003590100000,0x0000003590200000] [id=2340]
  0x0000014220b41e80 ConcurrentGCThread "G1 Conc#0" [stack: 0x0000003590200000,0x0000003590300000] [id=776]
  0x000001427996f790 ConcurrentGCThread "G1 Conc#1" [stack: 0x0000003591d00000,0x0000003591e00000] [id=3644]
  0x000001427996fa60 ConcurrentGCThread "G1 Conc#2" [stack: 0x0000003592200000,0x0000003592300000] [id=6028]
  0x0000014220b7e480 ConcurrentGCThread "G1 Refine#0" [stack: 0x0000003590300000,0x0000003590400000] [id=8988]
  0x0000014237689490 ConcurrentGCThread "G1 Service" [stack: 0x0000003590400000,0x0000003590500000] [id=3048]

Threads with active compile tasks:
C1 CompilerThread0     8381 4334       1       org.apache.tomcat.util.buf.ByteChunk::toStringInternal (118 bytes)
C1 CompilerThread1     8381 4333   !   1       org.apache.tomcat.util.buf.StringCache::toString (601 bytes)

VM state: not at safepoint (normal execution)

VM Mutex/Monitor currently owned by a thread:  ([mutex/lock_event])
[0x0000014220abfd60] Compile_lock - owner thread: 0x000001427ee2b3d0
[0x0000014220abfdf0] MethodCompileQueue_lock - owner thread: 0x0000014237774df0

Heap address: 0x0000000701400000, size: 4076 MB, Compressed Oops mode: Zero based, Oop shift amount: 3

CDS archive(s) mapped at: [0x0000014238000000-0x0000014238c00000-0x0000014238c00000), size 12582912, SharedBaseAddress: 0x0000014238000000, ArchiveRelocationMode: 1.
Compressed class space mapped at: 0x0000014239000000-0x0000014279000000, reserved size: 1073741824
Narrow klass base: 0x0000014238000000, Narrow klass shift: 0, Narrow klass range: 0x100000000

GC Precious Log:
 CPUs: 12 total, 12 available
 Memory: 16301M
 Large Page Support: Disabled
 NUMA Support: Disabled
 Compressed Oops: Enabled (Zero based)
 Heap Region Size: 2M
 Heap Min Capacity: 8M
 Heap Initial Capacity: 256M
 Heap Max Capacity: 4076M
 Pre-touch: Disabled
 Parallel Workers: 10
 Concurrent Workers: 3
 Concurrent Refinement Workers: 10
 Periodic GC: Disabled

Heap:
 garbage-first heap   total 75776K, used 39173K [0x0000000701400000, 0x0000000800000000)
  region size 2048K, 13 young (26624K), 2 survivors (4096K)
 Metaspace       used 38035K, committed 38528K, reserved 1114112K
  class space    used 5170K, committed 5376K, reserved 1048576K

Heap Regions: E=young(eden), S=young(survivor), O=old, HS=humongous(starts), HC=humongous(continues), CS=collection set, F=free, OA=open archive, CA=closed archive, TAMS=top-at-mark-start (previous, next)
|   0|0x0000000701400000, 0x0000000701600000, 0x0000000701600000|100%| O|  |TAMS 0x0000000701600000, 0x0000000701400000| Untracked 
|   1|0x0000000701600000, 0x0000000701800000, 0x0000000701800000|100%| O|  |TAMS 0x0000000701800000, 0x0000000701600000| Untracked 
|   2|0x0000000701800000, 0x000000070189e800, 0x0000000701a00000| 30%| O|  |TAMS 0x000000070189e800, 0x0000000701800000| Complete 
|   3|0x0000000701a00000, 0x0000000701c00000, 0x0000000701c00000|100%| O|  |TAMS 0x0000000701c00000, 0x0000000701a00000| Untracked 
|   4|0x0000000701c00000, 0x0000000701e00000, 0x0000000701e00000|100%| O|  |TAMS 0x0000000701e00000, 0x0000000701c00000| Untracked 
|   5|0x0000000701e00000, 0x0000000701e00000, 0x0000000702000000|  0%| F|  |TAMS 0x0000000701e00000, 0x0000000701e00000| Untracked 
|   6|0x0000000702000000, 0x0000000702000000, 0x0000000702200000|  0%| F|  |TAMS 0x0000000702000000, 0x0000000702000000| Untracked 
|   7|0x0000000702200000, 0x0000000702200000, 0x0000000702400000|  0%| F|  |TAMS 0x0000000702200000, 0x0000000702200000| Untracked 
|   8|0x0000000702400000, 0x0000000702400000, 0x0000000702600000|  0%| F|  |TAMS 0x0000000702400000, 0x0000000702400000| Untracked 
|   9|0x0000000702600000, 0x0000000702800000, 0x0000000702800000|100%| O|  |TAMS 0x0000000702800000, 0x0000000702600000| Untracked 
|  10|0x0000000702800000, 0x0000000702a00000, 0x0000000702a00000|100%| O|  |TAMS 0x0000000702a00000, 0x0000000702800000| Untracked 
|  11|0x0000000702a00000, 0x0000000702c00000, 0x0000000702c00000|100%| O|  |TAMS 0x0000000702c00000, 0x0000000702a00000| Untracked 
|  12|0x0000000702c00000, 0x0000000702c00000, 0x0000000702e00000|  0%| F|  |TAMS 0x0000000702c00000, 0x0000000702c00000| Untracked 
|  13|0x0000000702e00000, 0x0000000702e00000, 0x0000000703000000|  0%| F|  |TAMS 0x0000000702e00000, 0x0000000702e00000| Untracked 
|  14|0x0000000703000000, 0x0000000703000000, 0x0000000703200000|  0%| F|  |TAMS 0x0000000703000000, 0x0000000703000000| Untracked 
|  15|0x0000000703200000, 0x0000000703200000, 0x0000000703400000|  0%| F|  |TAMS 0x0000000703200000, 0x0000000703200000| Untracked 
|  16|0x0000000703400000, 0x0000000703400000, 0x0000000703600000|  0%| F|  |TAMS 0x0000000703400000, 0x0000000703400000| Untracked 
|  17|0x0000000703600000, 0x0000000703600000, 0x0000000703800000|  0%| F|  |TAMS 0x0000000703600000, 0x0000000703600000| Untracked 
|  18|0x0000000703800000, 0x0000000703800000, 0x0000000703a00000|  0%| F|  |TAMS 0x0000000703800000, 0x0000000703800000| Untracked 
|  19|0x0000000703a00000, 0x0000000703a00000, 0x0000000703c00000|  0%| F|  |TAMS 0x0000000703a00000, 0x0000000703a00000| Untracked 
|  20|0x0000000703c00000, 0x0000000703c00000, 0x0000000703e00000|  0%| F|  |TAMS 0x0000000703c00000, 0x0000000703c00000| Untracked 
|  21|0x0000000703e00000, 0x0000000703e00000, 0x0000000704000000|  0%| F|  |TAMS 0x0000000703e00000, 0x0000000703e00000| Untracked 
|  22|0x0000000704000000, 0x0000000704000000, 0x0000000704200000|  0%| F|  |TAMS 0x0000000704000000, 0x0000000704000000| Untracked 
|  23|0x0000000704200000, 0x0000000704200000, 0x0000000704400000|  0%| F|  |TAMS 0x0000000704200000, 0x0000000704200000| Untracked 
|  24|0x0000000704400000, 0x0000000704458918, 0x0000000704600000| 17%| E|  |TAMS 0x0000000704400000, 0x0000000704400000| Complete 
|  25|0x0000000704600000, 0x0000000704800000, 0x0000000704800000|100%| E|CS|TAMS 0x0000000704600000, 0x0000000704600000| Complete 
|  26|0x0000000704800000, 0x0000000704a00000, 0x0000000704a00000|100%| E|CS|TAMS 0x0000000704800000, 0x0000000704800000| Complete 
|  27|0x0000000704a00000, 0x0000000704c00000, 0x0000000704c00000|100%| E|CS|TAMS 0x0000000704a00000, 0x0000000704a00000| Complete 
|  28|0x0000000704c00000, 0x0000000704e00000, 0x0000000704e00000|100%| E|CS|TAMS 0x0000000704c00000, 0x0000000704c00000| Complete 
|  29|0x0000000704e00000, 0x0000000705000000, 0x0000000705000000|100%| E|CS|TAMS 0x0000000704e00000, 0x0000000704e00000| Complete 
|  30|0x0000000705000000, 0x0000000705200000, 0x0000000705200000|100%| E|CS|TAMS 0x0000000705000000, 0x0000000705000000| Complete 
|  31|0x0000000705200000, 0x0000000705400000, 0x0000000705400000|100%| E|CS|TAMS 0x0000000705200000, 0x0000000705200000| Complete 
|  32|0x0000000705400000, 0x0000000705600000, 0x0000000705600000|100%| E|CS|TAMS 0x0000000705400000, 0x0000000705400000| Complete 
|  33|0x0000000705600000, 0x0000000705800000, 0x0000000705800000|100%| E|CS|TAMS 0x0000000705600000, 0x0000000705600000| Complete 
|  66|0x0000000709800000, 0x00000007099a2f38, 0x0000000709a00000| 81%| S|CS|TAMS 0x0000000709800000, 0x0000000709800000| Complete 
|  67|0x0000000709a00000, 0x0000000709c00000, 0x0000000709c00000|100%| S|CS|TAMS 0x0000000709a00000, 0x0000000709a00000| Complete 
| 127|0x0000000711200000, 0x0000000711400000, 0x0000000711400000|100%| E|CS|TAMS 0x0000000711200000, 0x0000000711200000| Complete 

Card table byte_map: [0x000001422c190000,0x000001422c990000] _byte_map_base: 0x0000014228986000

Marking Bits (Prev, Next): (CMBitMap*) 0x0000014220b2fc60, (CMBitMap*) 0x0000014220b2fca0
 Prev Bits: [0x000001422d190000, 0x0000014231140000)
 Next Bits: [0x0000014231140000, 0x00000142350f0000)

Polling page: 0x000001421eab0000

Metaspace:

Usage:
  Non-class:     32.10 MB used.
      Class:      5.05 MB used.
       Both:     37.14 MB used.

Virtual space:
  Non-class space:       64.00 MB reserved,      32.38 MB ( 51%) committed,  1 nodes.
      Class space:        1.00 GB reserved,       5.25 MB ( <1%) committed,  1 nodes.
             Both:        1.06 GB reserved,      37.62 MB (  3%) committed. 

Chunk freelists:
   Non-Class:  15.44 MB
       Class:  10.76 MB
        Both:  26.20 MB

MaxMetaspaceSize: unlimited
CompressedClassSpaceSize: 1.00 GB
Initial GC threshold: 21.00 MB
Current GC threshold: 58.88 MB
CDS: on
MetaspaceReclaimPolicy: balanced
 - commit_granule_bytes: 65536.
 - commit_granule_words: 8192.
 - virtual_space_node_default_size: 8388608.
 - enlarge_chunks_in_place: 1.
 - new_chunks_are_fully_committed: 0.
 - uncommit_free_chunks: 1.
 - use_allocation_guard: 0.
 - handle_deallocations: 1.


Internal statistics:

num_allocs_failed_limit: 6.
num_arena_births: 682.
num_arena_deaths: 0.
num_vsnodes_births: 2.
num_vsnodes_deaths: 0.
num_space_committed: 602.
num_space_uncommitted: 0.
num_chunks_returned_to_freelist: 6.
num_chunks_taken_from_freelist: 2001.
num_chunk_merges: 3.
num_chunk_splits: 1372.
num_chunks_enlarged: 990.
num_inconsistent_stats: 0.

CodeCache: size=49152Kb used=8642Kb max_used=9626Kb free=40509Kb
 bounds [0x0000014228650000, 0x0000014228fc0000, 0x000001422b650000]
 total_blobs=4896 nmethods=4332 adapters=489
 compilation: enabled
              stopped_count=0, restarted_count=0
 full_count=0

Compilation events (20 events):
Event: 8.294 Thread 0x000001427ee2b3d0 nmethod 4322 0x0000014228869f90 code [0x000001422886a140, 0x000001422886a378]
Event: 8.294 Thread 0x0000014237774df0 nmethod 4323 0x0000014228869c90 code [0x0000014228869e20, 0x0000014228869f18]
Event: 8.294 Thread 0x000001427ee2b3d0 4325       1       java.nio.MappedByteBuffer::rewind (5 bytes)
Event: 8.294 Thread 0x0000014237774df0 4326       1       java.nio.MappedByteBuffer::rewind (7 bytes)
Event: 8.294 Thread 0x0000014237774df0 nmethod 4326 0x0000014228869990 code [0x0000014228869b20, 0x0000014228869bf8]
Event: 8.294 Thread 0x000001427ee2b3d0 nmethod 4325 0x0000014228869690 code [0x0000014228869820, 0x00000142288698f8]
Event: 8.294 Thread 0x000001427ee2b3d0 4327       1       org.apache.tomcat.util.net.SocketBufferHandler::getWriteBuffer (5 bytes)
Event: 8.294 Thread 0x000001427ee2b3d0 nmethod 4327 0x0000014228869390 code [0x0000014228869520, 0x00000142288695f8]
Event: 8.294 Thread 0x000001427ee2b3d0 4328   !   1       jdk.internal.misc.ScopedMemoryAccess::copyMemory (31 bytes)
Event: 8.294 Thread 0x0000014237774df0 4329   !   1       jdk.internal.misc.ScopedMemoryAccess::copyMemoryInternal (60 bytes)
Event: 8.294 Thread 0x000001427ee2b3d0 nmethod 4328 0x0000014228868d90 code [0x0000014228868f60, 0x00000142288691f8]
Event: 8.295 Thread 0x000001427ee2b3d0 4330       1       org.apache.tomcat.util.buf.MessageBytes::recycle (35 bytes)
Event: 8.295 Thread 0x0000014237774df0 nmethod 4329 0x0000014228867f90 code [0x00000142288681e0, 0x0000014228868778]
Event: 8.295 Thread 0x0000014237774df0 4331       1       org.apache.tomcat.util.buf.ByteChunk::recycle (10 bytes)
Event: 8.295 Thread 0x0000014237774df0 nmethod 4331 0x0000014228867c90 code [0x0000014228867e20, 0x0000014228867f38]
Event: 8.295 Thread 0x000001427ee2b3d0 nmethod 4330 0x0000014228867890 code [0x0000014228867a20, 0x0000014228867b98]
Event: 8.348 Thread 0x000001427ee2b3d0 4332       1       java.nio.channels.spi.AbstractInterruptibleChannel::isOpen (13 bytes)
Event: 8.348 Thread 0x000001427ee2b3d0 nmethod 4332 0x0000014228867590 code [0x0000014228867720, 0x00000142288677f8]
Event: 8.349 Thread 0x000001427ee2b3d0 4333   !   1       org.apache.tomcat.util.buf.StringCache::toString (601 bytes)
Event: 8.349 Thread 0x0000014237774df0 4334       1       org.apache.tomcat.util.buf.ByteChunk::toStringInternal (118 bytes)

GC Heap History (18 events):
Event: 0.368 GC heap before
{Heap before GC invocations=0 (full 0):
 garbage-first heap   total 262144K, used 22528K [0x0000000701400000, 0x0000000800000000)
  region size 2048K, 11 young (22528K), 0 survivors (0K)
 Metaspace       used 6968K, committed 7168K, reserved 1114112K
  class space    used 898K, committed 1024K, reserved 1048576K
}
Event: 0.371 GC heap after
{Heap after GC invocations=1 (full 0):
 garbage-first heap   total 262144K, used 5461K [0x0000000701400000, 0x0000000800000000)
  region size 2048K, 2 young (4096K), 2 survivors (4096K)
 Metaspace       used 6968K, committed 7168K, reserved 1114112K
  class space    used 898K, committed 1024K, reserved 1048576K
}
Event: 0.610 GC heap before
{Heap before GC invocations=1 (full 0):
 garbage-first heap   total 262144K, used 30037K [0x0000000701400000, 0x0000000800000000)
  region size 2048K, 15 young (30720K), 2 survivors (4096K)
 Metaspace       used 12669K, committed 12928K, reserved 1114112K
  class space    used 1735K, committed 1856K, reserved 1048576K
}
Event: 0.613 GC heap after
{Heap after GC invocations=2 (full 0):
 garbage-first heap   total 262144K, used 7472K [0x0000000701400000, 0x0000000800000000)
  region size 2048K, 1 young (2048K), 1 survivors (2048K)
 Metaspace       used 12669K, committed 12928K, reserved 1114112K
  class space    used 1735K, committed 1856K, reserved 1048576K
}
Event: 1.014 GC heap before
{Heap before GC invocations=2 (full 0):
 garbage-first heap   total 262144K, used 70960K [0x0000000701400000, 0x0000000800000000)
  region size 2048K, 33 young (67584K), 1 survivors (2048K)
 Metaspace       used 21234K, committed 21568K, reserved 1114112K
  class space    used 2874K, committed 3008K, reserved 1048576K
}
Event: 1.017 GC heap after
{Heap after GC invocations=3 (full 0):
 garbage-first heap   total 262144K, used 11640K [0x0000000701400000, 0x0000000800000000)
  region size 2048K, 3 young (6144K), 3 survivors (6144K)
 Metaspace       used 21234K, committed 21568K, reserved 1114112K
  class space    used 2874K, committed 3008K, reserved 1048576K
}
Event: 1.198 GC heap before
{Heap before GC invocations=4 (full 0):
 garbage-first heap   total 49152K, used 34168K [0x0000000701400000, 0x0000000800000000)
  region size 2048K, 15 young (30720K), 3 survivors (6144K)
 Metaspace       used 24766K, committed 25216K, reserved 1114112K
  class space    used 3448K, committed 3648K, reserved 1048576K
}
Event: 1.203 GC heap after
{Heap after GC invocations=5 (full 0):
 garbage-first heap   total 49152K, used 13718K [0x0000000701400000, 0x0000000800000000)
  region size 2048K, 4 young (8192K), 4 survivors (8192K)
 Metaspace       used 24766K, committed 25216K, reserved 1114112K
  class space    used 3448K, committed 3648K, reserved 1048576K
}
Event: 1.220 GC heap before
{Heap before GC invocations=5 (full 0):
 garbage-first heap   total 49152K, used 15766K [0x0000000701400000, 0x0000000800000000)
  region size 2048K, 5 young (10240K), 4 survivors (8192K)
 Metaspace       used 24997K, committed 25408K, reserved 1114112K
  class space    used 3481K, committed 3648K, reserved 1048576K
}
Event: 1.224 GC heap after
{Heap after GC invocations=6 (full 0):
 garbage-first heap   total 49152K, used 14699K [0x0000000701400000, 0x0000000800000000)
  region size 2048K, 1 young (2048K), 1 survivors (2048K)
 Metaspace       used 24997K, committed 25408K, reserved 1114112K
  class space    used 3481K, committed 3648K, reserved 1048576K
}
Event: 1.365 GC heap before
{Heap before GC invocations=6 (full 0):
 garbage-first heap   total 49152K, used 29035K [0x0000000701400000, 0x0000000800000000)
  region size 2048K, 9 young (18432K), 1 survivors (2048K)
 Metaspace       used 27624K, committed 28096K, reserved 1114112K
  class space    used 3804K, committed 4032K, reserved 1048576K
}
Event: 1.366 GC heap after
{Heap after GC invocations=7 (full 0):
 garbage-first heap   total 49152K, used 15110K [0x0000000701400000, 0x0000000800000000)
  region size 2048K, 1 young (2048K), 1 survivors (2048K)
 Metaspace       used 27624K, committed 28096K, reserved 1114112K
  class space    used 3804K, committed 4032K, reserved 1048576K
}
Event: 1.478 GC heap before
{Heap before GC invocations=7 (full 0):
 garbage-first heap   total 49152K, used 33542K [0x0000000701400000, 0x0000000800000000)
  region size 2048K, 10 young (20480K), 1 survivors (2048K)
 Metaspace       used 31601K, committed 32064K, reserved 1114112K
  class space    used 4316K, committed 4544K, reserved 1048576K
}
Event: 1.480 GC heap after
{Heap after GC invocations=8 (full 0):
 garbage-first heap   total 49152K, used 15988K [0x0000000701400000, 0x0000000800000000)
  region size 2048K, 2 young (4096K), 2 survivors (4096K)
 Metaspace       used 31601K, committed 32064K, reserved 1114112K
  class space    used 4316K, committed 4544K, reserved 1048576K
}
Event: 1.597 GC heap before
{Heap before GC invocations=8 (full 0):
 garbage-first heap   total 49152K, used 32372K [0x0000000701400000, 0x0000000800000000)
  region size 2048K, 10 young (20480K), 2 survivors (4096K)
 Metaspace       used 33633K, committed 34112K, reserved 1114112K
  class space    used 4590K, committed 4800K, reserved 1048576K
}
Event: 1.599 GC heap after
{Heap after GC invocations=9 (full 0):
 garbage-first heap   total 155648K, used 17447K [0x0000000701400000, 0x0000000800000000)
  region size 2048K, 2 young (4096K), 2 survivors (4096K)
 Metaspace       used 33633K, committed 34112K, reserved 1114112K
  class space    used 4590K, committed 4800K, reserved 1048576K
}
Event: 1.713 GC heap before
{Heap before GC invocations=9 (full 0):
 garbage-first heap   total 155648K, used 31783K [0x0000000701400000, 0x0000000800000000)
  region size 2048K, 10 young (20480K), 2 survivors (4096K)
 Metaspace       used 35520K, committed 35968K, reserved 1114112K
  class space    used 4842K, committed 5056K, reserved 1048576K
}
Event: 1.715 GC heap after
{Heap after GC invocations=10 (full 0):
 garbage-first heap   total 155648K, used 18693K [0x0000000701400000, 0x0000000800000000)
  region size 2048K, 2 young (4096K), 2 survivors (4096K)
 Metaspace       used 35520K, committed 35968K, reserved 1114112K
  class space    used 4842K, committed 5056K, reserved 1048576K
}

Dll operation events (12 events):
Event: 0.006 Loaded shared library C:\Users\Administrator\.jdks\azul-17.0.8.1\bin\java.dll
Event: 0.017 Loaded shared library C:\Users\Administrator\.jdks\azul-17.0.8.1\bin\jsvml.dll
Event: 0.062 Loaded shared library C:\Users\Administrator\.jdks\azul-17.0.8.1\bin\zip.dll
Event: 0.065 Loaded shared library C:\Users\Administrator\.jdks\azul-17.0.8.1\bin\instrument.dll
Event: 0.067 Loaded shared library C:\Users\Administrator\.jdks\azul-17.0.8.1\bin\net.dll
Event: 0.068 Loaded shared library C:\Users\Administrator\.jdks\azul-17.0.8.1\bin\nio.dll
Event: 0.069 Loaded shared library C:\Users\Administrator\.jdks\azul-17.0.8.1\bin\zip.dll
Event: 0.097 Loaded shared library C:\Program Files\JetBrains\IntelliJ IDEA 2023.2.2\bin\breakgen64.dll
Event: 0.099 Loaded shared library C:\Users\Administrator\.jdks\azul-17.0.8.1\bin\jimage.dll
Event: 0.106 Loaded shared library C:\Users\Administrator\.jdks\azul-17.0.8.1\bin\management.dll
Event: 0.111 Loaded shared library C:\Users\Administrator\.jdks\azul-17.0.8.1\bin\management_ext.dll
Event: 1.278 Loaded shared library C:\Users\Administrator\.jdks\azul-17.0.8.1\bin\sunmscapi.dll

Deoptimization events (14 events):
Event: 0.640 Thread 0x000001427997a4c0 DEOPT PACKING pc=0x0000014228b5b9f9 sp=0x0000003591cfc6b0
Event: 0.640 Thread 0x000001427997a4c0 DEOPT UNPACKING pc=0x00000142286a7143 sp=0x0000003591cfbb90 mode 3
Event: 0.832 Thread 0x000001427997a4c0 DEOPT PACKING pc=0x0000014228ce8255 sp=0x0000003591cfc6c0
Event: 0.832 Thread 0x000001427997a4c0 DEOPT UNPACKING pc=0x00000142286a7143 sp=0x0000003591cfbb68 mode 3
Event: 1.355 Thread 0x000001427997a4c0 DEOPT PACKING pc=0x0000014228e56c25 sp=0x0000003591cfb820
Event: 1.355 Thread 0x000001427997a4c0 DEOPT UNPACKING pc=0x00000142286a7143 sp=0x0000003591cfad88 mode 3
Event: 1.367 Thread 0x000001427997a4c0 DEOPT PACKING pc=0x0000014228c04509 sp=0x0000003591cfdad0
Event: 1.367 Thread 0x000001427997a4c0 DEOPT UNPACKING pc=0x00000142286a7143 sp=0x0000003591cfcf60 mode 3
Event: 1.367 Thread 0x000001427e8567a0 DEOPT PACKING pc=0x0000014228b02a1f sp=0x00000035926feec0
Event: 1.367 Thread 0x000001427e8567a0 DEOPT UNPACKING pc=0x00000142286a7143 sp=0x00000035926fe318 mode 3
Event: 1.675 Thread 0x000001427997a4c0 DEOPT PACKING pc=0x0000014228c18b52 sp=0x0000003591cfd120
Event: 1.676 Thread 0x000001427997a4c0 DEOPT UNPACKING pc=0x00000142286a7143 sp=0x0000003591cfc628 mode 3
Event: 1.676 Thread 0x000001427997a4c0 DEOPT PACKING pc=0x0000014228c0f5e5 sp=0x0000003591cfd0e0
Event: 1.676 Thread 0x000001427997a4c0 DEOPT UNPACKING pc=0x00000142286a7143 sp=0x0000003591cfc628 mode 3

Classes unloaded (0 events):
No events

Classes redefined (0 events):
No events

Internal exceptions (20 events):
Event: 1.309 Thread 0x000001427997a4c0 Exception <a 'java/lang/NoSuchMethodError'{0x0000000703601280}: 'java.lang.Object java.lang.invoke.DelegatingMethodHandle$Holder.reinvoke_L(java.lang.Object, long, java.lang.Object, java.lang.Object, java.lang.Object, java.lang.Object, java.lang.Object, java.lang.Object)'> (0x0000000703601280) 
thrown [s\src\hotspot\share\interpreter\linkResolver.cpp, line 759]
Event: 1.329 Thread 0x000001427997a4c0 Exception <a 'java/io/FileNotFoundException'{0x00000007037e3180}> (0x00000007037e3180) 
thrown [s\src\hotspot\share\prims\jni.cpp, line 516]
Event: 1.339 Thread 0x000001427997a4c0 Exception <a 'java/lang/NoSuchMethodError'{0x000000070351f8c8}: 'int java.lang.invoke.DirectMethodHandle$Holder.invokeInterface(java.lang.Object, java.lang.Object, java.lang.Object, java.lang.Object)'> (0x000000070351f8c8) 
thrown [s\src\hotspot\share\interpreter\linkResolver.cpp, line 759]
Event: 1.358 Thread 0x000001427997a4c0 Exception <a 'java/lang/NoSuchMethodError'{0x000000070332a570}: 'long java.lang.invoke.DirectMethodHandle$Holder.invokeVirtual(java.lang.Object, java.lang.Object)'> (0x000000070332a570) 
thrown [s\src\hotspot\share\interpreter\linkResolver.cpp, line 759]
Event: 1.361 Thread 0x000001427997a4c0 Exception <a 'java/io/FileNotFoundException'{0x000000070335da78}> (0x000000070335da78) 
thrown [s\src\hotspot\share\prims\jni.cpp, line 516]
Event: 1.413 Thread 0x000001427997a4c0 Exception <a 'sun/nio/fs/WindowsException'{0x000000070ccf7128}> (0x000000070ccf7128) 
thrown [s\src\hotspot\share\prims\jni.cpp, line 516]
Event: 1.514 Thread 0x000001427997a4c0 Exception <a 'java/lang/NoSuchMethodError'{0x000000070ce994a0}: 'int java.lang.invoke.DirectMethodHandle$Holder.invokeStatic(java.lang.Object, java.lang.Object, int)'> (0x000000070ce994a0) 
thrown [s\src\hotspot\share\interpreter\linkResolver.cpp, line 759]
Event: 1.589 Thread 0x000001427997a4c0 Exception <a 'sun/nio/fs/WindowsException'{0x0000000703508c10}> (0x0000000703508c10) 
thrown [s\src\hotspot\share\prims\jni.cpp, line 516]
Event: 1.602 Thread 0x000001427997a4c0 Exception <a 'java/lang/IncompatibleClassChangeError'{0x0000000711282e90}: Found class java.lang.Object, but interface was expected> (0x0000000711282e90) 
thrown [s\src\hotspot\share\interpreter\linkResolver.cpp, line 826]
Event: 1.610 Thread 0x000001427997a4c0 Exception <a 'java/lang/NoSuchMethodError'{0x000000070d01db40}: 'void java.lang.invoke.DirectMethodHandle$Holder.invokeVirtual(java.lang.Object, java.lang.Object, long)'> (0x000000070d01db40) 
thrown [s\src\hotspot\share\interpreter\linkResolver.cpp, line 759]
Event: 1.625 Thread 0x000001427e6b0d10 Exception <a 'java/lang/reflect/InvocationTargetException'{0x000000070cf09438}> (0x000000070cf09438) 
thrown [s\src\hotspot\share\runtime\reflection.cpp, line 1121]
Event: 1.679 Thread 0x000001427997a4c0 Exception <a 'java/lang/IncompatibleClassChangeError'{0x000000070a0a17b0}: Found class java.lang.Object, but interface was expected> (0x000000070a0a17b0) 
thrown [s\src\hotspot\share\interpreter\linkResolver.cpp, line 826]
Event: 1.696 Thread 0x000001427997a4c0 Exception <a 'java/lang/NoSuchMethodError'{0x0000000709e3a700}: 'int java.lang.invoke.DirectMethodHandle$Holder.invokeStaticInit(java.lang.Object, java.lang.Object, java.lang.Object, java.lang.Object)'> (0x0000000709e3a700) 
thrown [s\src\hotspot\share\interpreter\linkResolver.cpp, line 759]
Event: 1.785 Thread 0x000001427997a4c0 Exception <a 'java/lang/NoSuchMethodError'{0x0000000705363260}: 'java.lang.Object java.lang.invoke.DirectMethodHandle$Holder.newInvokeSpecial(java.lang.Object, java.lang.Object, int, java.lang.Object, java.lang.Object)'> (0x0000000705363260) 
thrown [s\src\hotspot\share\interpreter\linkResolver.cpp, line 759]
Event: 1.785 Thread 0x000001427997a4c0 Exception <a 'java/lang/NoSuchMethodError'{0x000000070536e8d8}: 'java.lang.Object java.lang.invoke.DirectMethodHandle$Holder.invokeSpecial(java.lang.Object, java.lang.Object, int, java.lang.Object, int, java.lang.Object)'> (0x000000070536e8d8) 
thrown [s\src\hotspot\share\interpreter\linkResolver.cpp, line 759]
Event: 1.785 Thread 0x000001427997a4c0 Exception <a 'java/lang/NoSuchMethodError'{0x0000000705376988}: 'java.lang.Object java.lang.invoke.DirectMethodHandle$Holder.newInvokeSpecial(java.lang.Object, java.lang.Object, int, java.lang.Object, int)'> (0x0000000705376988) 
thrown [s\src\hotspot\share\interpreter\linkResolver.cpp, line 759]
Event: 1.785 Thread 0x000001427997a4c0 Exception <a 'java/lang/NoSuchMethodError'{0x000000070537aa88}: 'java.lang.Object java.lang.invoke.DirectMethodHandle$Holder.invokeSpecial(java.lang.Object, java.lang.Object, java.lang.Object, int, java.lang.Object, int)'> (0x000000070537aa88) 
thrown [s\src\hotspot\share\interpreter\linkResolver.cpp, line 759]
Event: 8.238 Thread 0x000001427e858b10 Exception <a 'java/lang/NoSuchMethodError'{0x000000070489ede8}: 'java.lang.Object java.lang.invoke.DirectMethodHandle$Holder.invokeSpecial(java.lang.Object, java.lang.Object, java.lang.Object, java.lang.Object, java.lang.Object, long)'> (0x000000070489ede8) 
thrown [s\src\hotspot\share\interpreter\linkResolver.cpp, line 759]
Event: 8.238 Thread 0x000001427e858b10 Exception <a 'java/lang/NoSuchMethodError'{0x00000007048a2828}: 'java.lang.Object java.lang.invoke.Invokers$Holder.linkToTargetMethod(java.lang.Object, java.lang.Object, java.lang.Object, long, java.lang.Object)'> (0x00000007048a2828) 
thrown [s\src\hotspot\share\interpreter\linkResolver.cpp, line 759]
Event: 8.272 Thread 0x000001427e858b10 Exception <a 'java/lang/NoSuchMethodError'{0x000000070479e760}: 'java.lang.Object java.lang.invoke.DirectMethodHandle$Holder.invokeStatic(java.lang.Object, int, int)'> (0x000000070479e760) 
thrown [s\src\hotspot\share\interpreter\linkResolver.cpp, line 759]

VM Operations (20 events):
Event: 1.658 Executing VM operation: HandshakeAllThreads
Event: 1.658 Executing VM operation: HandshakeAllThreads done
Event: 1.659 Executing VM operation: HandshakeAllThreads
Event: 1.659 Executing VM operation: HandshakeAllThreads done
Event: 1.712 Executing VM operation: CollectForMetadataAllocation
Event: 1.715 Executing VM operation: CollectForMetadataAllocation done
Event: 1.724 Executing VM operation: G1PauseRemark
Event: 1.725 Executing VM operation: G1PauseRemark done
Event: 1.729 Executing VM operation: G1PauseCleanup
Event: 1.729 Executing VM operation: G1PauseCleanup done
Event: 2.736 Executing VM operation: Cleanup
Event: 2.736 Executing VM operation: Cleanup done
Event: 8.243 Executing VM operation: HandshakeAllThreads
Event: 8.243 Executing VM operation: HandshakeAllThreads done
Event: 8.243 Executing VM operation: Cleanup
Event: 8.243 Executing VM operation: Cleanup done
Event: 8.246 Executing VM operation: HandshakeAllThreads
Event: 8.246 Executing VM operation: HandshakeAllThreads done
Event: 8.267 Executing VM operation: HandshakeAllThreads
Event: 8.267 Executing VM operation: HandshakeAllThreads done

Events (20 events):
Event: 8.225 loading class java/lang/invoke/ConstantBootstraps done
Event: 8.240 loading class sun/nio/cs/ThreadLocalCoders
Event: 8.240 loading class sun/nio/cs/ThreadLocalCoders done
Event: 8.240 loading class sun/nio/cs/ThreadLocalCoders$1
Event: 8.240 loading class sun/nio/cs/ThreadLocalCoders$Cache
Event: 8.240 loading class sun/nio/cs/ThreadLocalCoders$Cache done
Event: 8.240 loading class sun/nio/cs/ThreadLocalCoders$1 done
Event: 8.240 loading class sun/nio/cs/ThreadLocalCoders$2
Event: 8.240 loading class sun/nio/cs/ThreadLocalCoders$2 done
Event: 8.240 loading class sun/nio/cs/ISO_8859_1$Decoder
Event: 8.240 loading class sun/nio/cs/ISO_8859_1$Decoder done
Event: 8.272 loading class java/util/ArrayList$SubList$2
Event: 8.272 loading class java/util/ArrayList$SubList$2 done
Event: 8.275 loading class java/time/format/DateTimeFormatterBuilder$ZoneTextPrinterParser
Event: 8.275 loading class java/time/format/DateTimeFormatterBuilder$ZoneTextPrinterParser done
Event: 8.275 loading class java/time/format/DateTimeFormatterBuilder$ReducedPrinterParser
Event: 8.275 loading class java/time/format/DateTimeFormatterBuilder$ReducedPrinterParser done
Event: 8.289 loading class java/util/concurrent/locks/ReentrantReadWriteLock$Sync$HoldCounter
Event: 8.289 loading class java/util/concurrent/locks/ReentrantReadWriteLock$Sync$HoldCounter done
Event: 8.292 Thread 0x000001427ee2b3d0 Thread added: 0x000001427ee2b3d0


Dynamic libraries:
0x00007ff75bab0000 - 0x00007ff75babe000 	C:\Users\Administrator\.jdks\azul-17.0.8.1\bin\java.exe
0x00007ffa579f0000 - 0x00007ffa57be8000 	C:\Windows\SYSTEM32\ntdll.dll
0x00007ffa56960000 - 0x00007ffa56a1f000 	C:\Windows\System32\KERNEL32.DLL
0x00007ffa554b0000 - 0x00007ffa5578a000 	C:\Windows\System32\KERNELBASE.dll
0x00007ffa55350000 - 0x00007ffa55450000 	C:\Windows\System32\ucrtbase.dll
0x00007ffa50dd0000 - 0x00007ffa50de9000 	C:\Users\Administrator\.jdks\azul-17.0.8.1\bin\jli.dll
0x00007ffa50320000 - 0x00007ffa5033b000 	C:\Users\Administrator\.jdks\azul-17.0.8.1\bin\VCRUNTIME140.dll
0x00007ffa56a20000 - 0x00007ffa56bbd000 	C:\Windows\System32\USER32.dll
0x00007ffa55450000 - 0x00007ffa55472000 	C:\Windows\System32\win32u.dll
0x00007ffa41140000 - 0x00007ffa413da000 	C:\Windows\WinSxS\amd64_microsoft.windows.common-controls_6595b64144ccf1df_6.0.19041.1110_none_60b5254171f9507e\COMCTL32.dll
0x00007ffa56dc0000 - 0x00007ffa56deb000 	C:\Windows\System32\GDI32.dll
0x00007ffa55a60000 - 0x00007ffa55afe000 	C:\Windows\System32\msvcrt.dll
0x00007ffa55940000 - 0x00007ffa55a50000 	C:\Windows\System32\gdi32full.dll
0x00007ffa552b0000 - 0x00007ffa5534d000 	C:\Windows\System32\msvcp_win.dll
0x00007ffa56bc0000 - 0x00007ffa56bf0000 	C:\Windows\System32\IMM32.DLL
0x00007ffa52890000 - 0x00007ffa5289c000 	C:\Users\Administrator\.jdks\azul-17.0.8.1\bin\vcruntime140_1.dll
0x00007ffa3ea10000 - 0x00007ffa3ea9d000 	C:\Users\Administrator\.jdks\azul-17.0.8.1\bin\msvcp140.dll
0x00007ffa21ef0000 - 0x00007ffa22b58000 	C:\Users\Administrator\.jdks\azul-17.0.8.1\bin\server\jvm.dll
0x00007ffa55d30000 - 0x00007ffa55dde000 	C:\Windows\System32\ADVAPI32.dll
0x00007ffa55de0000 - 0x00007ffa55e7c000 	C:\Windows\System32\sechost.dll
0x00007ffa55b20000 - 0x00007ffa55c44000 	C:\Windows\System32\RPCRT4.dll
0x00007ffa54680000 - 0x00007ffa546cb000 	C:\Windows\SYSTEM32\POWRPROF.dll
0x00007ffa3e870000 - 0x00007ffa3e879000 	C:\Windows\SYSTEM32\WSOCK32.dll
0x00007ffa449e0000 - 0x00007ffa44a07000 	C:\Windows\SYSTEM32\WINMM.dll
0x00007ffa56720000 - 0x00007ffa5678b000 	C:\Windows\System32\WS2_32.dll
0x00007ffa4fa60000 - 0x00007ffa4fa6a000 	C:\Windows\SYSTEM32\VERSION.dll
0x00007ffa54540000 - 0x00007ffa54552000 	C:\Windows\SYSTEM32\UMPDC.dll
0x00007ffa52fe0000 - 0x00007ffa52ff2000 	C:\Windows\SYSTEM32\kernel.appcore.dll
0x00007ffa50310000 - 0x00007ffa5031a000 	C:\Users\Administrator\.jdks\azul-17.0.8.1\bin\jimage.dll
0x00007ffa41e80000 - 0x00007ffa42064000 	C:\Windows\SYSTEM32\DBGHELP.DLL
0x00007ffa3a730000 - 0x00007ffa3a764000 	C:\Windows\SYSTEM32\dbgcore.DLL
0x00007ffa558b0000 - 0x00007ffa55932000 	C:\Windows\System32\bcryptPrimitives.dll
0x00007ffa50ce0000 - 0x00007ffa50cee000 	C:\Users\Administrator\.jdks\azul-17.0.8.1\bin\instrument.dll
0x00007ffa4dbb0000 - 0x00007ffa4dbd5000 	C:\Users\Administrator\.jdks\azul-17.0.8.1\bin\java.dll
0x00007ffa2cbd0000 - 0x00007ffa2cca7000 	C:\Users\Administrator\.jdks\azul-17.0.8.1\bin\jsvml.dll
0x00007ffa55fc0000 - 0x00007ffa56704000 	C:\Windows\System32\SHELL32.dll
0x00007ffa531e0000 - 0x00007ffa53973000 	C:\Windows\SYSTEM32\windows.storage.dll
0x00007ffa56df0000 - 0x00007ffa57144000 	C:\Windows\System32\combase.dll
0x00007ffa54b60000 - 0x00007ffa54b8e000 	C:\Windows\SYSTEM32\Wldp.dll
0x00007ffa56790000 - 0x00007ffa5683d000 	C:\Windows\System32\SHCORE.dll
0x00007ffa55f60000 - 0x00007ffa55fb5000 	C:\Windows\System32\shlwapi.dll
0x00007ffa55040000 - 0x00007ffa5505f000 	C:\Windows\SYSTEM32\profapi.dll
0x00007ffa3ec00000 - 0x00007ffa3ec18000 	C:\Users\Administrator\.jdks\azul-17.0.8.1\bin\zip.dll
0x00007ffa4cee0000 - 0x00007ffa4cef9000 	C:\Users\Administrator\.jdks\azul-17.0.8.1\bin\net.dll
0x00007ffa50190000 - 0x00007ffa5029a000 	C:\Windows\SYSTEM32\WINHTTP.dll
0x00007ffa548c0000 - 0x00007ffa5492a000 	C:\Windows\system32\mswsock.dll
0x00007ffa4cec0000 - 0x00007ffa4ced6000 	C:\Users\Administrator\.jdks\azul-17.0.8.1\bin\nio.dll
0x00007ffa37160000 - 0x00007ffa3717a000 	C:\Program Files\JetBrains\IntelliJ IDEA 2023.2.2\bin\breakgen64.dll
0x00007ffa545a0000 - 0x00007ffa5466b000 	C:\Windows\SYSTEM32\DNSAPI.dll
0x00007ffa54560000 - 0x00007ffa5459c000 	C:\Windows\SYSTEM32\IPHLPAPI.DLL
0x00007ffa56ce0000 - 0x00007ffa56ce8000 	C:\Windows\System32\NSI.dll
0x00007ffa3edf0000 - 0x00007ffa3edfa000 	C:\Windows\System32\rasadhlp.dll
0x00007ffa3f780000 - 0x00007ffa3f800000 	C:\Windows\System32\fwpuclnt.dll
0x00007ffa55480000 - 0x00007ffa554a7000 	C:\Windows\System32\bcrypt.dll
0x00007ffa50300000 - 0x00007ffa50309000 	C:\Users\Administrator\.jdks\azul-17.0.8.1\bin\management.dll
0x00007ffa4cf00000 - 0x00007ffa4cf0b000 	C:\Users\Administrator\.jdks\azul-17.0.8.1\bin\management_ext.dll
0x00007ffa55a50000 - 0x00007ffa55a58000 	C:\Windows\System32\PSAPI.DLL
0x00007ffa54ab0000 - 0x00007ffa54ac8000 	C:\Windows\SYSTEM32\CRYPTSP.dll
0x00007ffa54170000 - 0x00007ffa541a4000 	C:\Windows\system32\rsaenh.dll
0x00007ffa54fc0000 - 0x00007ffa54fee000 	C:\Windows\SYSTEM32\USERENV.dll
0x00007ffa54ad0000 - 0x00007ffa54adc000 	C:\Windows\SYSTEM32\CRYPTBASE.dll
0x00007ffa4f170000 - 0x00007ffa4f187000 	C:\Windows\SYSTEM32\dhcpcsvc6.DLL
0x00007ffa4f420000 - 0x00007ffa4f43d000 	C:\Windows\SYSTEM32\dhcpcsvc.DLL
0x00007ffa39540000 - 0x00007ffa39557000 	C:\Windows\system32\napinsp.dll
0x00007ffa39520000 - 0x00007ffa3953b000 	C:\Windows\system32\pnrpnsp.dll
0x00007ffa39500000 - 0x00007ffa39515000 	C:\Windows\system32\wshbth.dll
0x00007ffa50c20000 - 0x00007ffa50c3d000 	C:\Windows\system32\NLAapi.dll
0x00007ffa394c0000 - 0x00007ffa394d2000 	C:\Windows\System32\winrnr.dll
0x00007ffa4cea0000 - 0x00007ffa4ceae000 	C:\Users\Administrator\.jdks\azul-17.0.8.1\bin\sunmscapi.dll
0x00007ffa55150000 - 0x00007ffa552a6000 	C:\Windows\System32\CRYPT32.dll
0x00007ffa54bd0000 - 0x00007ffa54bf8000 	C:\Windows\SYSTEM32\ncrypt.dll
0x00007ffa54b90000 - 0x00007ffa54bcb000 	C:\Windows\SYSTEM32\NTASN1.dll
0x00007ffa3a5c0000 - 0x00007ffa3a5c7000 	C:\Windows\system32\wshunix.dll

dbghelp: loaded successfully - version: 4.0.5 - missing functions: none
symbol engine: initialized successfully - sym options: 0x614 - pdb path: .;C:\Users\Administrator\.jdks\azul-17.0.8.1\bin;C:\Windows\SYSTEM32;C:\Windows\WinSxS\amd64_microsoft.windows.common-controls_6595b64144ccf1df_6.0.19041.1110_none_60b5254171f9507e;C:\Users\Administrator\.jdks\azul-17.0.8.1\bin\server;C:\Program Files\JetBrains\IntelliJ IDEA 2023.2.2\bin

VM Arguments:
jvm_args: -XX:TieredStopAtLevel=1 -Dspring.output.ansi.enabled=always -Dcom.sun.management.jmxremote -Dspring.jmx.enabled=true -Dspring.liveBeansView.mbeanDomain -Dspring.application.admin.enabled=true -Dmanagement.endpoints.jmx.exposure.include=* -javaagent:C:\Program Files\JetBrains\IntelliJ IDEA 2023.2.2\lib\idea_rt.jar=51969:C:\Program Files\JetBrains\IntelliJ IDEA 2023.2.2\bin -Dfile.encoding=UTF-8 
java_command: com.green.greengram.GreengramApplication
java_class_path (initial): D:\Students\kth\greengram\target\classes;C:\Users\Administrator\.m2\repository\org\springframework\boot\spring-boot-starter-jdbc\3.1.5\spring-boot-starter-jdbc-3.1.5.jar;C:\Users\Administrator\.m2\repository\org\springframework\boot\spring-boot-starter\3.1.5\spring-boot-starter-3.1.5.jar;C:\Users\Administrator\.m2\repository\org\springframework\boot\spring-boot-starter-logging\3.1.5\spring-boot-starter-logging-3.1.5.jar;C:\Users\Administrator\.m2\repository\ch\qos\logback\logback-classic\1.4.11\logback-classic-1.4.11.jar;C:\Users\Administrator\.m2\repository\ch\qos\logback\logback-core\1.4.11\logback-core-1.4.11.jar;C:\Users\Administrator\.m2\repository\org\apache\logging\log4j\log4j-to-slf4j\2.20.0\log4j-to-slf4j-2.20.0.jar;C:\Users\Administrator\.m2\repository\org\apache\logging\log4j\log4j-api\2.20.0\log4j-api-2.20.0.jar;C:\Users\Administrator\.m2\repository\org\slf4j\jul-to-slf4j\2.0.9\jul-to-slf4j-2.0.9.jar;C:\Users\Administrator\.m2\repository\jakarta\annotation\jakarta.annotation-api\2.1.1\jakarta.annotation-api-2.1.1.jar;C:\Users\Administrator\.m2\repository\org\yaml\snakeyaml\1.33\snakeyaml-1.33.jar;C:\Users\Administrator\.m2\repository\com\zaxxer\HikariCP\5.0.1\HikariCP-5.0.1.jar;C:\Users\Administrator\.m2\repository\org\slf4j\slf4j-api\2.0.9\slf4j-api-2.0.9.jar;C:\Users\Administrator\.m2\repository\org\springframework\spring-jdbc\6.0.13\spring-jdbc-6.0.13.jar;C:\Users\Administrator\.m2\repository\org\springframework\spring-beans\6.0.13\spring-beans-6.0.13.jar;C:\Users\Administrator\.m2\repository\org\springframework\spring-tx\6.0.13\spring-tx-6.0.13.jar;C:\Users\Administrator\.m2\repository\org\springframework\boot\spring-boot-starter-web\3.1.5\spring-boot-starter-web-3.1.5.jar;C:\Users\Administrator\.m2\repository\org\springframework\boot\spring-boot-starter-json\3.1.5\spring-boot-starter-json-3.1.5.jar;C:\Users\Administrator\.m2\repository\com\fasterxml\jackson\core\jackson-databind\2.15.3\jackson-databind-2.15.3.jar;C:\User
Launcher Type: SUN_STANDARD

[Global flags]
     intx CICompilerCount                          = 4                                         {product} {ergonomic}
     uint ConcGCThreads                            = 3                                         {product} {ergonomic}
     uint G1ConcRefinementThreads                  = 10                                        {product} {ergonomic}
   size_t G1HeapRegionSize                         = 2097152                                   {product} {ergonomic}
    uintx GCDrainStackTargetSize                   = 64                                        {product} {ergonomic}
   size_t InitialHeapSize                          = 268435456                                 {product} {ergonomic}
     bool ManagementServer                         = true                                      {product} {command line}
   size_t MarkStackSize                            = 4194304                                   {product} {ergonomic}
   size_t MaxHeapSize                              = 4273995776                                {product} {ergonomic}
   size_t MaxNewSize                               = 2562719744                                {product} {ergonomic}
   size_t MinHeapDeltaBytes                        = 2097152                                   {product} {ergonomic}
   size_t MinHeapSize                              = 8388608                                   {product} {ergonomic}
    uintx NonProfiledCodeHeapSize                  = 0                                      {pd product} {ergonomic}
     bool ProfileInterpreter                       = false                                  {pd product} {command line}
    uintx ProfiledCodeHeapSize                     = 0                                      {pd product} {ergonomic}
   size_t SoftMaxHeapSize                          = 4273995776                             {manageable} {ergonomic}
     intx TieredStopAtLevel                        = 1                                         {product} {command line}
     bool UseCompressedClassPointers               = true                           {product lp64_product} {ergonomic}
     bool UseCompressedOops                        = true                           {product lp64_product} {ergonomic}
     bool UseG1GC                                  = true                                      {product} {ergonomic}
     bool UseLargePagesIndividualAllocation        = false                                  {pd product} {ergonomic}

Logging:
Log output configuration:
 #0: stdout all=warning uptime,level,tags
 #1: stderr all=off uptime,level,tags

Environment Variables:
PATH=C:\Program Files (x86)\Common Files\Intel\Shared Libraries\redist\intel64_win\compiler;C:\Program Files (x86)\Common Files\Intel\Shared Libraries\redist\intel64\compiler;C:\Windows\system32;C:\Windows;C:\Windows\System32\Wbem;C:\Windows\System32\WindowsPowerShell\v1.0\;C:\Windows\System32\OpenSSH\;C:\Program Files\Bandizip\;C:\Program Files\Git\cmd;C:\Users\Administrator\AppData\Local\Microsoft\WindowsApps;;C:\Users\Administrator\AppData\Local\Programs\Microsoft VS Code\bin;C:\Program Files\JetBrains\IntelliJ IDEA 2023.2.2\bin;
USERNAME=Administrator
OS=Windows_NT
PROCESSOR_IDENTIFIER=Intel64 Family 6 Model 158 Stepping 10, GenuineIntel
TMP=C:\Users\ADMINI~1\AppData\Local\Temp
TEMP=C:\Users\ADMINI~1\AppData\Local\Temp



---------------  S Y S T E M  ---------------

OS:
 Windows 10 , 64 bit Build 19041 (10.0.19041.2788)
OS uptime: 0 days 7:03 hours

CPU: total 12 (initial active 12) (6 cores per cpu, 2 threads per core) family 6 model 158 stepping 10 microcode 0xb4, cx8, cmov, fxsr, ht, mmx, 3dnowpref, sse, sse2, sse3, ssse3, sse4.1, sse4.2, popcnt, lzcnt, tsc, tscinvbit, avx, avx2, aes, erms, clmul, bmi1, bmi2, rtm, adx, fma, vzeroupper, clflush, clflushopt
Processor Information for all 12 processors :
  Max Mhz: 3192, Current Mhz: 3192, Mhz Limit: 3192

Memory: 4k page, system-wide physical 16301M (6775M free)
TotalPageFile size 18733M (AvailPageFile size 5696M)
current process WorkingSet (physical memory assigned to process): 160M, peak: 165M
current process commit charge ("private bytes"): 224M, peak: 385M

vm_info: OpenJDK 64-Bit Server VM (17.0.8.1+1-LTS) for windows-amd64 JRE (17.0.8.1+1-LTS) (Zulu17.44+53-CA), built on Aug 23 2023 12:46:03 by "zulu_re" with MS VC++ 16.10 / 16.11 (VS2019)

END.
